added manifest
adding: Controller/(in = 0) (out= 0)(stored 0%)
adding: Controller/ClientController$1.class(in = 2112) (out= 1086)(deflated 48%)
adding: Controller/ClientController$2.class(in = 1337) (out= 722)(deflated 45%)
adding: Controller/ClientController$3.class(in = 2150) (out= 1127)(deflated 47%)
adding: Controller/ClientController$4.class(in = 2122) (out= 1116)(deflated 47%)
adding: Controller/ClientController$5.class(in = 1578) (out= 875)(deflated 44%)
adding: Controller/ClientController$6.class(in = 2158) (out= 1177)(deflated 45%)
adding: Controller/ClientController$7.class(in = 1014) (out= 519)(deflated 48%)
adding: Controller/ClientController$8.class(in = 1578) (out= 880)(deflated 44%)
adding: Controller/ClientController.class(in = 2202) (out= 940)(deflated 57%)
adding: Controller/GameController$1.class(in = 787) (out= 459)(deflated 41%)
adding: Controller/GameController$10.class(in = 1279) (out= 741)(deflated 42%)
adding: Controller/GameController$11.class(in = 679) (out= 409)(deflated 39%)
adding: Controller/GameController$12.class(in = 834) (out= 497)(deflated 40%)
adding: Controller/GameController$13.class(in = 680) (out= 410)(deflated 39%)
adding: Controller/GameController$14.class(in = 778) (out= 466)(deflated 40%)
adding: Controller/GameController$15.class(in = 966) (out= 592)(deflated 38%)
adding: Controller/GameController$16.class(in = 1675) (out= 900)(deflated 46%)
adding: Controller/GameController$17.class(in = 1748) (out= 943)(deflated 46%)
adding: Controller/GameController$18.class(in = 1025) (out= 561)(deflated 45%)
adding: Controller/GameController$19.class(in = 741) (out= 441)(deflated 40%)
adding: Controller/GameController$2.class(in = 787) (out= 456)(deflated 42%)
adding: Controller/GameController$20.class(in = 740) (out= 439)(deflated 40%)
adding: Controller/GameController$21.class(in = 680) (out= 408)(deflated 40%)
adding: Controller/GameController$22.class(in = 672) (out= 403)(deflated 40%)
adding: Controller/GameController$23.class(in = 1299) (out= 719)(deflated 44%)
adding: Controller/GameController$3.class(in = 788) (out= 455)(deflated 42%)
adding: Controller/GameController$4.class(in = 792) (out= 457)(deflated 42%)
adding: Controller/GameController$5.class(in = 785) (out= 456)(deflated 41%)
adding: Controller/GameController$6.class(in = 753) (out= 450)(deflated 40%)
adding: Controller/GameController$7.class(in = 675) (out= 407)(deflated 39%)
adding: Controller/GameController$8.class(in = 816) (out= 506)(deflated 37%)
adding: Controller/GameController$9.class(in = 801) (out= 490)(deflated 38%)
adding: Controller/GameController.class(in = 5765) (out= 2695)(deflated 53%)
adding: Controller/MainController$1.class(in = 1016) (out= 554)(deflated 45%)
adding: Controller/MainController$2.class(in = 602) (out= 371)(deflated 38%)
adding: Controller/MainController.class(in = 1071) (out= 548)(deflated 48%)
adding: Controller/ServerController$1.class(in = 1824) (out= 981)(deflated 46%)
adding: Controller/ServerController$2.class(in = 857) (out= 513)(deflated 40%)
adding: Controller/ServerController.class(in = 1263) (out= 623)(deflated 50%)
adding: Game/(in = 0) (out= 0)(stored 0%)
adding: Game/Game.class(in = 699) (out= 412)(deflated 41%)
adding: Game/GameBasic.class(in = 2773) (out= 1256)(deflated 54%)
adding: Game/GameClient.class(in = 4206) (out= 2205)(deflated 47%)
adding: Game/GameMVC.class(in = 465) (out= 314)(deflated 32%)
adding: Game/GameServer$1.class(in = 768) (out= 459)(deflated 40%)
adding: Game/GameServer$2.class(in = 1145) (out= 712)(deflated 37%)
adding: Game/GameServer$Player.class(in = 358) (out= 256)(deflated 28%)
adding: Game/GameServer$Worked.class(in = 4145) (out= 2238)(deflated 46%)
adding: Game/GameServer.class(in = 4633) (out= 2400)(deflated 48%)
adding: game-jar.err(in = 0) (out= 0)(stored 0%)
adding: game-jar.out(in = 3885) (out= 672)(deflated 82%)
adding: images/(in = 0) (out= 0)(stored 0%)
adding: images/aboutIcon.PNG(in = 1108) (out= 1113)(deflated 0%)
adding: images/client.PNG(in = 19296) (out= 18739)(deflated 2%)
adding: images/colorIcon.PNG(in = 1519) (out= 1524)(deflated 0%)
adding: images/exitIcon.PNG(in = 505) (out= 510)(deflated 0%)
adding: images/Intro.png(in = 21190) (out= 20861)(deflated 1%)
adding: images/loadIcon.PNG(in = 517) (out= 522)(deflated 0%)
adding: images/saveIcon.PNG(in = 535) (out= 532)(deflated 0%)
adding: images/server.PNG(in = 19638) (out= 19216)(deflated 2%)
adding: images/showAnswerIcon.PNG(in = 1101) (out= 1106)(deflated 0%)
adding: images/shuffleIcon.PNG(in = 1224) (out= 1229)(deflated 0%)
adding: images/SplashScreen.PNG(in = 16131) (out= 15837)(deflated 1%)
adding: images/Title.png(in = 10809) (out= 10009)(deflated 7%)
adding: Model/(in = 0) (out= 0)(stored 0%)
adding: Model/ClientModel.class(in = 1995) (out= 908)(deflated 54%)
adding: Model/GameModel.class(in = 4256) (out= 2043)(deflated 51%)
adding: Model/MainModel.class(in = 1089) (out= 671)(deflated 38%)
adding: Model/ServerModel.class(in = 541) (out= 330)(deflated 39%)
adding: save-load_file/(in = 0) (out= 0)(stored 0%)
adding: save-load_file/numpuzFile.csv(in = 67) (out= 53)(deflated 20%)
adding: View/(in = 0) (out= 0)(stored 0%)
adding: View/ClientView.class(in = 8936) (out= 4009)(deflated 55%)
adding: View/CustomOutputStream.class(in = 847) (out= 505)(deflated 40%)
adding: View/GameView.class(in = 22982) (out= 10651)(deflated 53%)
adding: View/MainView.class(in = 2236) (out= 1099)(deflated 50%)
adding: View/ServerView.class(in = 4954) (out= 2370)(deflated 52%)
